2025-10-13 22:46:49 +0000 [MT] Initial pipeline context: <IDEDistributionProcessingPipelineContext: 0xc84255200; archive(resolved)="<IDEArchive: 0xc840b7480>", distributionTask(resolved)="2", distributionDestination(resolved)="1", distributionMethod(resolved)="<IDEDistributionMethodDevelopmentSigned: 0xc841fc150>", team(resolved)="<IDEProvisioningBasicTeam: 0xc849bfba0; teamID='9W67JZ2HMJ', teamName='启凡 王'>">
	Chain (14, self inclusive):
	<IDEDistributionProcessingPipelineContext: 0xc84255200; archive = "<IDEArchive: 0xc840b7480>", distributionMethod="<IDEDistributionMethodDevelopmentSigned: 0xc841fc150>", team="<IDEProvisioningBasicTeam: 0xc849bfba0; teamID='9W67JZ2HMJ', teamName='启凡 王'>">
	<IDEDistributionProcessingPipelineContext: 0xc84255500; archive = "<IDEArchive: 0xc840b7480>", distributionMethod="<IDEDistributionMethodDevelopmentSigned: 0xc841fc150>", team="<IDEProvisioningBasicTeam: 0xc849bfba0; teamID='9W67JZ2HMJ', teamName='启凡 王'>">
	<IDEDistributionContext: 0xc8421a300; archive = "<IDEArchive: 0xc840b7480>", distributionMethod="<IDEDistributionMethodDevelopmentSigned: 0xc841fc150>", team="<IDEProvisioningBasicTeam: 0xc849bfba0; teamID='9W67JZ2HMJ', teamName='启凡 王'>">
	<IDEDistributionContext: 0xc84219400; archive = "<IDEArchive: 0xc840b7480>", distributionMethod="<IDEDistributionMethodDevelopmentSigned: 0xc841fc150>", team="<IDEProvisioningBasicTeam: 0xc849bfba0; teamID='9W67JZ2HMJ', teamName='启凡 王'>">
	<IDEDistributionContext: 0xc84219180; archive = "<IDEArchive: 0xc840b7480>", distributionMethod="<IDEDistributionMethodDevelopmentSigned: 0xc841fc150>", team="<IDEProvisioningBasicTeam: 0xc849bfba0; teamID='9W67JZ2HMJ', teamName='启凡 王'>">
	<IDEDistributionContext: 0xc84218f00; archive = "<IDEArchive: 0xc840b7480>", distributionMethod="<IDEDistributionMethodDevelopmentSigned: 0xc841fc150>", team="<IDEProvisioningBasicTeam: 0xc849bfba0; teamID='9W67JZ2HMJ', teamName='启凡 王'>">
	<IDEDistributionContext: 0xc84218c80; archive = "<IDEArchive: 0xc840b7480>", distributionMethod="<IDEDistributionMethodDevelopmentSigned: 0xc841fc150>", team="<IDEProvisioningBasicTeam: 0xc849bfba0; teamID='9W67JZ2HMJ', teamName='启凡 王'>">
	<IDEDistributionContext: 0xc84218a00; archive = "<IDEArchive: 0xc840b7480>", distributionMethod="<IDEDistributionMethodDevelopmentSigned: 0xc841fc150>", team="<IDEProvisioningBasicTeam: 0xc849bfba0; teamID='9W67JZ2HMJ', teamName='启凡 王'>">
	<IDEDistributionContext: 0xc84218780; archive = "<IDEArchive: 0xc840b7480>", distributionMethod="<IDEDistributionMethodDevelopmentSigned: 0xc841fc150>", team="<IDEProvisioningBasicTeam: 0xc849bfba0; teamID='9W67JZ2HMJ', teamName='启凡 王'>">
	<IDEDistributionContext: 0xc84218500; archive = "<IDEArchive: 0xc840b7480>", distributionMethod="<IDEDistributionMethodDevelopmentSigned: 0xc841fc150>", team="(null)">
	<IDEDistributionContext: 0xc84218280; archive = "<IDEArchive: 0xc840b7480>", distributionMethod="<IDEDistributionMethodDevelopmentSigned: 0xc841fc150>", team="(null)">
	<IDEDistributionContext: 0xc84218000; archive = "<IDEArchive: 0xc840b7480>", distributionMethod="<IDEDistributionMethodDevelopmentSigned: 0xc841fc150>", team="(null)">
	<IDEDistributionContext: 0x100ce6ed0; archive = "<IDEArchive: 0xc840b7480>", distributionMethod="<IDEDistributionMethodDevelopmentSigned: 0xc841fc150>", team="(null)">
	<IDEDistributionContext: 0x100ce66d0; archive = "<IDEArchive: 0xc840b7480>", distributionMethod="(null)", team="(null)">
</IDEDistributionProcessingPipelineContext: 0xc84255200>
2025-10-13 22:46:49 +0000 [MT] Processing step: IDEDistributionCreateDestRootStep
2025-10-13 22:46:49 +0000 [MT] Processing step: IDEDistributionCopyItemStep
2025-10-13 22:46:49 +0000 [MT] Running /usr/bin/ditto '-V' '/Users/guo/Documents/KuaiJi/KuaiJi_IOSAPP/dist/KuaiJi.xcarchive/Products/Applications/KuaiJi.app' '/var/folders/7n/2yz69b3s4b3bwy71f6zt50rc0000gn/T/XcodeDistPipeline.~~~t6RZ8Z/Root/Payload/KuaiJi.app'
2025-10-13 22:46:49 +0000  >>> Copying /Users/guo/Documents/KuaiJi/KuaiJi_IOSAPP/dist/KuaiJi.xcarchive/Products/Applications/KuaiJi.app 
2025-10-13 22:46:49 +0000  copying file ./_CodeSignature/CodeResources ... 
2025-10-13 22:46:49 +0000  7775 bytes for ./_CodeSignature/CodeResources
2025-10-13 22:46:49 +0000  copying file ./zh-Hans.lproj/nlu.appintents/nlu.lzfse ... 
2025-10-13 22:46:49 +0000  333 bytes for ./zh-Hans.lproj/nlu.appintents/nlu.lzfse
2025-10-13 22:46:49 +0000  copying file ./zh-Hans.lproj/nlu.appintents/2f09b1f1dcd2e6385134bb856eee1983.version ... 
2025-10-13 22:46:49 +0000  1 bytes for ./zh-Hans.lproj/nlu.appintents/2f09b1f1dcd2e6385134bb856eee1983.version
2025-10-13 22:46:49 +0000  copying file ./zh-Hans.lproj/Localizable.strings ... 
2025-10-13 22:46:49 +0000  18405 bytes for ./zh-Hans.lproj/Localizable.strings
2025-10-13 22:46:49 +0000  copying file ./zh-Hans.lproj/InfoPlist.strings ... 
2025-10-13 22:46:49 +0000  192 bytes for ./zh-Hans.lproj/InfoPlist.strings
2025-10-13 22:46:49 +0000  copying file ./en.lproj/nlu.appintents/nlu.lzfse ... 
2025-10-13 22:46:49 +0000  2197 bytes for ./en.lproj/nlu.appintents/nlu.lzfse
2025-10-13 22:46:49 +0000  copying file ./en.lproj/nlu.appintents/f216ae24e3f3af086fdf9be80e5c525d.version ... 
2025-10-13 22:46:49 +0000  1 bytes for ./en.lproj/nlu.appintents/f216ae24e3f3af086fdf9be80e5c525d.version
2025-10-13 22:46:49 +0000  copying file ./en.lproj/Localizable.strings ... 
2025-10-13 22:46:49 +0000  21824 bytes for ./en.lproj/Localizable.strings
2025-10-13 22:46:49 +0000  copying file ./en.lproj/InfoPlist.strings ... 
2025-10-13 22:46:49 +0000  253 bytes for ./en.lproj/InfoPlist.strings
2025-10-13 22:46:49 +0000  copying file ./Metadata.appintents/version.json ... 
2025-10-13 22:46:49 +0000  52 bytes for ./Metadata.appintents/version.json
2025-10-13 22:46:49 +0000  copying file ./Metadata.appintents/extract.actionsdata ... 
2025-10-13 22:46:49 +0000  1786 bytes for ./Metadata.appintents/extract.actionsdata
2025-10-13 22:46:49 +0000  copying file ./AppIcon60x60@2x.png ... 
2025-10-13 22:46:49 +0000  9659 bytes for ./AppIcon60x60@2x.png
2025-10-13 22:46:49 +0000  copying file ./Assets.car ... 
2025-10-13 22:46:49 +0000  875400 bytes for ./Assets.car
2025-10-13 22:46:49 +0000  copying file ./AppIcon76x76@2x~ipad.png ... 
2025-10-13 22:46:49 +0000  13077 bytes for ./AppIcon76x76@2x~ipad.png
2025-10-13 22:46:49 +0000  copying file ./fr.lproj/nlu.appintents/nlu.lzfse ... 
2025-10-13 22:46:49 +0000  2315 bytes for ./fr.lproj/nlu.appintents/nlu.lzfse
2025-10-13 22:46:49 +0000  copying file ./fr.lproj/nlu.appintents/00c1847b3a9dddf48eb1b6a295e0ab36.version ... 
2025-10-13 22:46:49 +0000  1 bytes for ./fr.lproj/nlu.appintents/00c1847b3a9dddf48eb1b6a295e0ab36.version
2025-10-13 22:46:49 +0000  copying file ./fr.lproj/Localizable.strings ... 
2025-10-13 22:46:49 +0000  30258 bytes for ./fr.lproj/Localizable.strings
2025-10-13 22:46:49 +0000  copying file ./fr.lproj/InfoPlist.strings ... 
2025-10-13 22:46:49 +0000  523 bytes for ./fr.lproj/InfoPlist.strings
2025-10-13 22:46:49 +0000  copying file ./embedded.mobileprovision ... 
2025-10-13 22:46:49 +0000  12292 bytes for ./embedded.mobileprovision
2025-10-13 22:46:49 +0000  copying file ./KuaiJi ... 
2025-10-13 22:46:49 +0000  2677216 bytes for ./KuaiJi
2025-10-13 22:46:49 +0000  copying file ./Info.plist ... 
2025-10-13 22:46:49 +0000  1858 bytes for ./Info.plist
2025-10-13 22:46:49 +0000  copying file ./PkgInfo ... 
2025-10-13 22:46:49 +0000  8 bytes for ./PkgInfo
2025-10-13 22:46:49 +0000 [MT] /usr/bin/ditto exited with 0
2025-10-13 22:46:49 +0000 [MT] Processing step: IDEDistributionEmbedProfileStep
2025-10-13 22:46:49 +0000 [MT] Processing step: IDEDistributionInfoPlistStep
2025-10-13 22:46:49 +0000 [MT] Skipping step: IDEDistributionInfoPlistStep because it said so
2025-10-13 22:46:49 +0000 [MT] Processing step: IDEDistributionAppThinningPlistStep
2025-10-13 22:46:49 +0000 [MT] Skipping step: IDEDistributionAppThinningPlistStep because it said so
2025-10-13 22:46:49 +0000 [MT] Processing step: IDEDistributionSymbolsStep
2025-10-13 22:46:49 +0000 [MT] Skipping step: IDEDistributionSymbolsStep because it said so
2025-10-13 22:46:49 +0000 [MT] Processing step: IDEDistributionAppThinningStep
2025-10-13 22:46:49 +0000 [MT] Skipping step: IDEDistributionAppThinningStep because it said so
2025-10-13 22:46:49 +0000 [MT] Processing step: IDEDistributionArchThinningStep
2025-10-13 22:46:49 +0000 [MT] Archs to thin for item /Users/guo/Documents/KuaiJi/KuaiJi_IOSAPP/dist/KuaiJi.xcarchive/Products/Applications/KuaiJi.app are []
2025-10-13 22:46:49 +0000 [MT] Processing step: IDEDistributionODRStep
2025-10-13 22:46:49 +0000 [MT] Processing step: IDEDistributionStripXattrsStep
2025-10-13 22:46:49 +0000 [MT] Skipping stripping extended attributes because the codesign step will strip them.
2025-10-13 22:46:49 +0000 [MT] Processing step: IDEDistributionCodesignStep
2025-10-13 22:46:49 +0000 [MT] Entitlements for <IDEDistributionItem: 0xc861323a0; bundleID='com.guo.kuaiji', path='<DVTFilePath:0xc860ebb40:'/Users/guo/Documents/KuaiJi/KuaiJi_IOSAPP/dist/KuaiJi.xcarchive/Products/Applications/KuaiJi.app'>', codeSigningInfo='<_DVTCodeSigningInformation_Path: 0xc86132340; isSigned='1', isAdHocSigned='0', signingCertificate='<DVTSigningCertificate: 0xc8605f780; name='Apple Development: rwg184849@gmail.com (XV7UT4DLUM)', hash='012EAED28C1B6CA6D18035A603CBCB3A43661DE5', serialNumber='50260CF16A3A5CB3657C6E132554D66F', certificateKinds='(
    "1.2.840.113635.100.6.1.12",
    "1.2.840.113635.100.6.1.2"
), issueDate='2025-10-01 16:03:42 +0000''>', entitlements='{
    "application-identifier" = "9W67JZ2HMJ.com.guo.kuaiji";
    "com.apple.developer.team-identifier" = 9W67JZ2HMJ;
    "get-task-allow" = 1;
}', teamID='9W67JZ2HMJ', identifier='com.guo.kuaiji', executablePath='<DVTFilePath:0xc86131e60:'/Users/guo/Documents/KuaiJi/KuaiJi_IOSAPP/dist/KuaiJi.xcarchive/Products/Applications/KuaiJi.app/KuaiJi'>', hardenedRuntime='0'>'>: {
    "application-identifier" = "9W67JZ2HMJ.com.guo.kuaiji";
    "com.apple.developer.team-identifier" = 9W67JZ2HMJ;
    "get-task-allow" = 1;
}
2025-10-13 22:46:49 +0000 [MT] Associated App Clip Identifiers Filter: Skipping because "com.apple.developer.associated-appclip-app-identifiers" is not present
2025-10-13 22:46:49 +0000 [MT] Entitlements for <IDEDistributionItem: 0xc861323a0; bundleID='com.guo.kuaiji', path='<DVTFilePath:0xc860ebb40:'/Users/guo/Documents/KuaiJi/KuaiJi_IOSAPP/dist/KuaiJi.xcarchive/Products/Applications/KuaiJi.app'>', codeSigningInfo='<_DVTCodeSigningInformation_Path: 0xc86132340; isSigned='1', isAdHocSigned='0', signingCertificate='<DVTSigningCertificate: 0xc8605ea00; name='Apple Development: rwg184849@gmail.com (XV7UT4DLUM)', hash='012EAED28C1B6CA6D18035A603CBCB3A43661DE5', serialNumber='50260CF16A3A5CB3657C6E132554D66F', certificateKinds='(
    "1.2.840.113635.100.6.1.12",
    "1.2.840.113635.100.6.1.2"
), issueDate='2025-10-01 16:03:42 +0000''>', entitlements='{
    "application-identifier" = "9W67JZ2HMJ.com.guo.kuaiji";
    "com.apple.developer.team-identifier" = 9W67JZ2HMJ;
    "get-task-allow" = 1;
}', teamID='9W67JZ2HMJ', identifier='com.guo.kuaiji', executablePath='<DVTFilePath:0xc86131e60:'/Users/guo/Documents/KuaiJi/KuaiJi_IOSAPP/dist/KuaiJi.xcarchive/Products/Applications/KuaiJi.app/KuaiJi'>', hardenedRuntime='0'>'> are: {
    "application-identifier" = "9W67JZ2HMJ.com.guo.kuaiji";
    "com.apple.developer.team-identifier" = 9W67JZ2HMJ;
    "get-task-allow" = 1;
}
2025-10-13 22:46:49 +0000 [MT] Writing entitlements for <IDEDistributionItem: 0xc861323a0; bundleID='com.guo.kuaiji', path='<DVTFilePath:0xc860ebb40:'/Users/guo/Documents/KuaiJi/KuaiJi_IOSAPP/dist/KuaiJi.xcarchive/Products/Applications/KuaiJi.app'>', codeSigningInfo='<_DVTCodeSigningInformation_Path: 0xc86132340; isSigned='1', isAdHocSigned='0', signingCertificate='<DVTSigningCertificate: 0xc8605ea00; name='Apple Development: rwg184849@gmail.com (XV7UT4DLUM)', hash='012EAED28C1B6CA6D18035A603CBCB3A43661DE5', serialNumber='50260CF16A3A5CB3657C6E132554D66F', certificateKinds='(
    "1.2.840.113635.100.6.1.12",
    "1.2.840.113635.100.6.1.2"
), issueDate='2025-10-01 16:03:42 +0000''>', entitlements='{
    "application-identifier" = "9W67JZ2HMJ.com.guo.kuaiji";
    "com.apple.developer.team-identifier" = 9W67JZ2HMJ;
    "get-task-allow" = 1;
}', teamID='9W67JZ2HMJ', identifier='com.guo.kuaiji', executablePath='<DVTFilePath:0xc86131e60:'/Users/guo/Documents/KuaiJi/KuaiJi_IOSAPP/dist/KuaiJi.xcarchive/Products/Applications/KuaiJi.app/KuaiJi'>', hardenedRuntime='0'>'> to: /var/folders/7n/2yz69b3s4b3bwy71f6zt50rc0000gn/T/XcodeDistPipeline.~~~t6RZ8Z/entitlements~~~7bxOo2
2025-10-13 22:46:49 +0000 [MT] invoking codesign: <NSConcreteTask: 0xc8426b890; launchPath='/usr/bin/codesign', arguments='(
    "-f",
    "-s",
    012EAED28C1B6CA6D18035A603CBCB3A43661DE5,
    "--entitlements",
    "/var/folders/7n/2yz69b3s4b3bwy71f6zt50rc0000gn/T/XcodeDistPipeline.~~~t6RZ8Z/entitlements~~~7bxOo2",
    "--preserve-metadata=identifier,flags,runtime,launch-constraints,library-constraints",
    "--generate-entitlement-der",
    "--strip-disallowed-xattrs",
    "-vvv",
    "/var/folders/7n/2yz69b3s4b3bwy71f6zt50rc0000gn/T/XcodeDistPipeline.~~~t6RZ8Z/Root/Payload/KuaiJi.app"
)'>
2025-10-13 22:46:49 +0000 [MT] codesign output: /var/folders/7n/2yz69b3s4b3bwy71f6zt50rc0000gn/T/XcodeDistPipeline.~~~t6RZ8Z/Root/Payload/KuaiJi.app: replacing existing signature
/var/folders/7n/2yz69b3s4b3bwy71f6zt50rc0000gn/T/XcodeDistPipeline.~~~t6RZ8Z/Root/Payload/KuaiJi.app: signed app bundle with Mach-O thin (arm64) [com.guo.kuaiji]
2025-10-13 22:46:49 +0000 [MT] Processing step: IDEDistributionZipODRItemStep
2025-10-13 22:46:49 +0000 [MT] Skipping step: IDEDistributionZipODRItemStep because it said so
2025-10-13 22:46:49 +0000 [MT] Processing step: IDEDistributionCreateIPAStep
2025-10-13 22:46:49 +0000 [MT] Running /usr/bin/ditto '-V' '-c' '-k' '--norsrc' '/var/folders/7n/2yz69b3s4b3bwy71f6zt50rc0000gn/T/XcodeDistPipeline.~~~t6RZ8Z/Root' '/var/folders/7n/2yz69b3s4b3bwy71f6zt50rc0000gn/T/XcodeDistPipeline.~~~t6RZ8Z/Packages/KuaiJi.ipa'
2025-10-13 22:46:49 +0000  >>> Copying /var/folders/7n/2yz69b3s4b3bwy71f6zt50rc0000gn/T/XcodeDistPipeline.~~~t6RZ8Z/Root 
2025-10-13 22:46:49 +0000  copying file ./Payload/KuaiJi.app/_CodeSignature/CodeResources ... 
2025-10-13 22:46:49 +0000  7775 bytes for ./Payload/KuaiJi.app/_CodeSignature/CodeResources
2025-10-13 22:46:49 +0000  copying file ./Payload/KuaiJi.app/zh-Hans.lproj/nlu.appintents/nlu.lzfse ... 
2025-10-13 22:46:49 +0000  333 bytes for ./Payload/KuaiJi.app/zh-Hans.lproj/nlu.appintents/nlu.lzfse
2025-10-13 22:46:49 +0000  copying file ./Payload/KuaiJi.app/zh-Hans.lproj/nlu.appintents/2f09b1f1dcd2e6385134bb856eee1983.version ... 
2025-10-13 22:46:49 +0000  1 bytes for ./Payload/KuaiJi.app/zh-Hans.lproj/nlu.appintents/2f09b1f1dcd2e6385134bb856eee1983.version
2025-10-13 22:46:49 +0000  copying file ./Payload/KuaiJi.app/zh-Hans.lproj/Localizable.strings ... 
2025-10-13 22:46:49 +0000  18405 bytes for ./Payload/KuaiJi.app/zh-Hans.lproj/Localizable.strings
2025-10-13 22:46:49 +0000  copying file ./Payload/KuaiJi.app/zh-Hans.lproj/InfoPlist.strings ... 
2025-10-13 22:46:49 +0000  192 bytes for ./Payload/KuaiJi.app/zh-Hans.lproj/InfoPlist.strings
2025-10-13 22:46:49 +0000  copying file ./Payload/KuaiJi.app/en.lproj/nlu.appintents/nlu.lzfse ... 
2025-10-13 22:46:49 +0000  2197 bytes for ./Payload/KuaiJi.app/en.lproj/nlu.appintents/nlu.lzfse
2025-10-13 22:46:49 +0000  copying file ./Payload/KuaiJi.app/en.lproj/nlu.appintents/f216ae24e3f3af086fdf9be80e5c525d.version ... 
2025-10-13 22:46:49 +0000  1 bytes for ./Payload/KuaiJi.app/en.lproj/nlu.appintents/f216ae24e3f3af086fdf9be80e5c525d.version
2025-10-13 22:46:49 +0000  copying file ./Payload/KuaiJi.app/en.lproj/Localizable.strings ... 
2025-10-13 22:46:49 +0000  21824 bytes for ./Payload/KuaiJi.app/en.lproj/Localizable.strings
2025-10-13 22:46:49 +0000  copying file ./Payload/KuaiJi.app/en.lproj/InfoPlist.strings ... 
2025-10-13 22:46:49 +0000  253 bytes for ./Payload/KuaiJi.app/en.lproj/InfoPlist.strings
2025-10-13 22:46:49 +0000  copying file ./Payload/KuaiJi.app/Metadata.appintents/version.json ... 
2025-10-13 22:46:49 +0000  52 bytes for ./Payload/KuaiJi.app/Metadata.appintents/version.json
2025-10-13 22:46:49 +0000  copying file ./Payload/KuaiJi.app/Metadata.appintents/extract.actionsdata ... 
2025-10-13 22:46:49 +0000  1786 bytes for ./Payload/KuaiJi.app/Metadata.appintents/extract.actionsdata
2025-10-13 22:46:49 +0000  copying file ./Payload/KuaiJi.app/AppIcon60x60@2x.png ... 
2025-10-13 22:46:49 +0000  9659 bytes for ./Payload/KuaiJi.app/AppIcon60x60@2x.png
2025-10-13 22:46:49 +0000  copying file ./Payload/KuaiJi.app/Assets.car ... 
2025-10-13 22:46:49 +0000  875400 bytes for ./Payload/KuaiJi.app/Assets.car
2025-10-13 22:46:49 +0000  copying file ./Payload/KuaiJi.app/AppIcon76x76@2x~ipad.png ... 
2025-10-13 22:46:49 +0000  13077 bytes for ./Payload/KuaiJi.app/AppIcon76x76@2x~ipad.png
2025-10-13 22:46:49 +0000  copying file ./Payload/KuaiJi.app/fr.lproj/nlu.appintents/nlu.lzfse ... 
2025-10-13 22:46:49 +0000  2315 bytes for ./Payload/KuaiJi.app/fr.lproj/nlu.appintents/nlu.lzfse
2025-10-13 22:46:49 +0000  copying file ./Payload/KuaiJi.app/fr.lproj/nlu.appintents/00c1847b3a9dddf48eb1b6a295e0ab36.version ... 
2025-10-13 22:46:49 +0000  1 bytes for ./Payload/KuaiJi.app/fr.lproj/nlu.appintents/00c1847b3a9dddf48eb1b6a295e0ab36.version
2025-10-13 22:46:49 +0000  copying file ./Payload/KuaiJi.app/fr.lproj/Localizable.strings ... 
2025-10-13 22:46:49 +0000  30258 bytes for ./Payload/KuaiJi.app/fr.lproj/Localizable.strings
2025-10-13 22:46:49 +0000  copying file ./Payload/KuaiJi.app/fr.lproj/InfoPlist.strings ... 
2025-10-13 22:46:49 +0000  523 bytes for ./Payload/KuaiJi.app/fr.lproj/InfoPlist.strings
2025-10-13 22:46:49 +0000  copying file ./Payload/KuaiJi.app/embedded.mobileprovision ... 
2025-10-13 22:46:49 +0000  12292 bytes for ./Payload/KuaiJi.app/embedded.mobileprovision
2025-10-13 22:46:49 +0000  copying file ./Payload/KuaiJi.app/KuaiJi ... 
2025-10-13 22:46:49 +0000  2677216 bytes for ./Payload/KuaiJi.app/KuaiJi
2025-10-13 22:46:49 +0000  copying file ./Payload/KuaiJi.app/Info.plist ... 
1858 bytes for ./Payload/KuaiJi.app/Info.plist
copying file ./Payload/KuaiJi.app/PkgInfo ... 
8 bytes for ./Payload/KuaiJi.app/PkgInfo
2025-10-13 22:46:49 +0000 [MT] /usr/bin/ditto exited with 0
2025-10-13 22:46:49 +0000 [MT] Processing step: IDEDistributionAppStoreInformationStep
2025-10-13 22:46:49 +0000 [MT] Skipping step: IDEDistributionAppStoreInformationStep because it said so
2025-10-13 22:46:49 +0000 [MT] Processing step: IDEDistributionGenerateProcessedDistributionItems
2025-10-13 22:46:49 +0000 [MT] IDEDistributionItem init <DVTFilePath:0xc8630d0e0:'/var/folders/7n/2yz69b3s4b3bwy71f6zt50rc0000gn/T/XcodeDistPipeline.~~~t6RZ8Z/Root/Payload/KuaiJi.app'>
2025-10-13 22:46:49 +0000 [MT] Processing step: IDEDistributionCreateManifestStep
